2022/01/17 13:08:54 [warn] 1#1: conflicting server name "vps35836.publiccloud.com.br" on 0.0.0.0:80, ignored
2022/01/17 13:08:54 [notice] 1#1: using the "epoll" event method
2022/01/17 13:08:54 [notice] 1#1: nginx/1.21.5
2022/01/17 13:08:54 [notice] 1#1: built by gcc 10.2.1 20210110 (Debian 10.2.1-6) 
2022/01/17 13:08:54 [notice] 1#1: OS: Linux 5.4.0-94-generic
2022/01/17 13:08:54 [notice] 1#1: getrlimit(RLIMIT_NOFILE): 1048576:1048576
2022/01/17 13:08:54 [notice] 1#1: start worker processes
2022/01/17 13:08:54 [notice] 1#1: start worker process 31
2022/01/17 13:08:54 [notice] 1#1: start worker process 32
2022/01/17 13:08:54 [notice] 1#1: start worker process 33
2022/01/17 13:08:54 [notice] 1#1: start worker process 34
2022/01/17 13:08:54 [notice] 1#1: start worker process 35
2022/01/17 13:08:54 [notice] 1#1: start worker process 36
2022/01/17 13:08:54 [notice] 1#1: start worker process 37
2022/01/17 13:08:54 [notice] 1#1: start worker process 38
2022/01/17 13:47:48 [notice] 1#1: signal 3 (SIGQUIT) received, shutting down
2022/01/17 13:47:48 [notice] 31#31: gracefully shutting down
2022/01/17 13:47:48 [notice] 34#34: gracefully shutting down
2022/01/17 13:47:48 [notice] 32#32: gracefully shutting down
2022/01/17 13:47:48 [notice] 33#33: gracefully shutting down
2022/01/17 13:47:48 [notice] 35#35: gracefully shutting down
2022/01/17 13:47:48 [notice] 36#36: gracefully shutting down
2022/01/17 13:47:48 [notice] 31#31: exiting
2022/01/17 13:47:48 [notice] 34#34: exiting
2022/01/17 13:47:48 [notice] 32#32: exiting
2022/01/17 13:47:48 [notice] 33#33: exiting
2022/01/17 13:47:48 [notice] 35#35: exiting
2022/01/17 13:47:48 [notice] 36#36: exiting
2022/01/17 13:47:48 [notice] 31#31: exit
2022/01/17 13:47:48 [notice] 32#32: exit
2022/01/17 13:47:48 [notice] 34#34: exit
2022/01/17 13:47:48 [notice] 33#33: exit
2022/01/17 13:47:48 [notice] 35#35: exit
2022/01/17 13:47:48 [notice] 36#36: exit
2022/01/17 13:47:48 [notice] 37#37: gracefully shutting down
2022/01/17 13:47:48 [notice] 37#37: exiting
2022/01/17 13:47:48 [notice] 37#37: exit
2022/01/17 13:47:48 [notice] 38#38: gracefully shutting down
2022/01/17 13:47:48 [notice] 38#38: exiting
2022/01/17 13:47:48 [notice] 38#38: exit
2022/01/17 13:47:48 [notice] 1#1: signal 17 (SIGCHLD) received from 35
2022/01/17 13:47:48 [notice] 1#1: worker process 35 exited with code 0
2022/01/17 13:47:48 [notice] 1#1: worker process 36 exited with code 0
2022/01/17 13:47:48 [notice] 1#1: signal 29 (SIGIO) received
2022/01/17 13:47:48 [notice] 1#1: signal 17 (SIGCHLD) received from 36
2022/01/17 13:47:48 [notice] 1#1: signal 17 (SIGCHLD) received from 33
2022/01/17 13:47:48 [notice] 1#1: worker process 33 exited with code 0
2022/01/17 13:47:48 [notice] 1#1: worker process 37 exited with code 0
2022/01/17 13:47:48 [notice] 1#1: signal 29 (SIGIO) received
2022/01/17 13:47:48 [notice] 1#1: signal 17 (SIGCHLD) received from 34
2022/01/17 13:47:48 [notice] 1#1: worker process 32 exited with code 0
2022/01/17 13:47:48 [notice] 1#1: worker process 31 exited with code 0
2022/01/17 13:47:48 [notice] 1#1: worker process 34 exited with code 0
2022/01/17 13:47:48 [notice] 1#1: worker process 38 exited with code 0
2022/01/17 13:47:48 [notice] 1#1: exit
2022/01/17 13:48:10 [emerg] 1#1: no "ssl_certificate" is defined for the "listen ... ssl" directive in /etc/nginx/conf.d/default.conf:45
2022/01/17 13:50:24 [emerg] 1#1: cannot load certificate "/usr/local/nginx/ssl/cert.crt": BIO_new_file() failed (SSL: error:02001002:system library:fopen:No such file or directory:fopen('/usr/local/nginx/ssl/cert.crt','r') error:2006D080:BIO routines:BIO_new_file:no such file)
2022/01/17 13:54:49 [emerg] 1#1: cannot load certificate "/etc/openssl/cert.crt": BIO_new_file() failed (SSL: error:02001002:system library:fopen:No such file or directory:fopen('/etc/openssl/cert.crt','r') error:2006D080:BIO routines:BIO_new_file:no such file)
2022/01/17 13:55:20 [emerg] 1#1: cannot load certificate "/etc/openssl/cert.crt": BIO_new_file() failed (SSL: error:02001002:system library:fopen:No such file or directory:fopen('/etc/openssl/cert.crt','r') error:2006D080:BIO routines:BIO_new_file:no such file)
2022/01/17 13:56:05 [emerg] 1#1: cannot load certificate "/etc/openssl/cert.crt": BIO_new_file() failed (SSL: error:02001002:system library:fopen:No such file or directory:fopen('/etc/openssl/cert.crt','r') error:2006D080:BIO routines:BIO_new_file:no such file)
2022/01/17 13:57:26 [emerg] 1#1: cannot load certificate "/etc/openssl/cert.crt": BIO_new_file() failed (SSL: error:02001002:system library:fopen:No such file or directory:fopen('/etc/openssl/cert.crt','r') error:2006D080:BIO routines:BIO_new_file:no such file)
2022/01/17 13:58:16 [emerg] 1#1: cannot load certificate key "/etc/openssl/key.pem": PEM_read_bio_PrivateKey() failed (SSL: error:2807106B:UI routines:UI_process:processing error:while reading strings error:0906406D:PEM routines:PEM_def_callback:problems getting password error:0907B068:PEM routines:PEM_read_bio_PrivateKey:bad password read)
2022/01/17 14:01:33 [warn] 1#1: conflicting server name "localhost" on 0.0.0.0:80, ignored
2022/01/17 14:01:33 [notice] 1#1: using the "epoll" event method
2022/01/17 14:01:33 [notice] 1#1: nginx/1.21.5
2022/01/17 14:01:33 [notice] 1#1: built by gcc 10.2.1 20210110 (Debian 10.2.1-6) 
2022/01/17 14:01:33 [notice] 1#1: OS: Linux 5.4.0-94-generic
2022/01/17 14:01:33 [notice] 1#1: getrlimit(RLIMIT_NOFILE): 1048576:1048576
2022/01/17 14:01:33 [notice] 1#1: start worker processes
2022/01/17 14:01:33 [notice] 1#1: start worker process 30
2022/01/17 14:01:33 [notice] 1#1: start worker process 31
2022/01/17 14:01:33 [notice] 1#1: start worker process 32
2022/01/17 14:01:33 [notice] 1#1: start worker process 33
2022/01/17 14:01:33 [notice] 1#1: start worker process 34
2022/01/17 14:01:33 [notice] 1#1: start worker process 35
2022/01/17 14:01:33 [notice] 1#1: start worker process 36
2022/01/17 14:01:33 [notice] 1#1: start worker process 37
2022/01/17 14:04:26 [notice] 1#1: signal 3 (SIGQUIT) received, shutting down
2022/01/17 14:04:26 [notice] 31#31: gracefully shutting down
2022/01/17 14:04:26 [notice] 30#30: gracefully shutting down
2022/01/17 14:04:26 [notice] 34#34: gracefully shutting down
2022/01/17 14:04:26 [notice] 33#33: gracefully shutting down
2022/01/17 14:04:26 [notice] 35#35: gracefully shutting down
2022/01/17 14:04:26 [notice] 36#36: gracefully shutting down
2022/01/17 14:04:26 [notice] 30#30: exiting
2022/01/17 14:04:26 [notice] 34#34: exiting
2022/01/17 14:04:26 [notice] 33#33: exiting
2022/01/17 14:04:26 [notice] 35#35: exiting
2022/01/17 14:04:26 [notice] 36#36: exiting
2022/01/17 14:04:26 [notice] 37#37: gracefully shutting down
2022/01/17 14:04:26 [notice] 37#37: exiting
2022/01/17 14:04:26 [notice] 31#31: exiting
2022/01/17 14:04:26 [notice] 35#35: exit
2022/01/17 14:04:26 [notice] 34#34: exit
2022/01/17 14:04:26 [notice] 37#37: exit
2022/01/17 14:04:26 [notice] 30#30: exit
2022/01/17 14:04:26 [notice] 31#31: exit
2022/01/17 14:04:26 [notice] 36#36: exit
2022/01/17 14:04:26 [notice] 32#32: gracefully shutting down
2022/01/17 14:04:26 [notice] 32#32: exiting
2022/01/17 14:04:26 [notice] 32#32: exit
2022/01/17 14:04:26 [notice] 33#33: exit
2022/01/17 14:04:26 [notice] 1#1: signal 17 (SIGCHLD) received from 31
2022/01/17 14:04:26 [notice] 1#1: worker process 31 exited with code 0
2022/01/17 14:04:26 [notice] 1#1: signal 29 (SIGIO) received
2022/01/17 14:04:26 [notice] 1#1: signal 17 (SIGCHLD) received from 30
2022/01/17 14:04:26 [notice] 1#1: worker process 30 exited with code 0
2022/01/17 14:04:26 [notice] 1#1: worker process 35 exited with code 0
2022/01/17 14:04:26 [notice] 1#1: worker process 37 exited with code 0
2022/01/17 14:04:26 [notice] 1#1: signal 29 (SIGIO) received
2022/01/17 14:04:26 [notice] 1#1: signal 17 (SIGCHLD) received from 35
2022/01/17 14:04:26 [notice] 1#1: worker process 33 exited with code 0
2022/01/17 14:04:26 [notice] 1#1: worker process 34 exited with code 0
2022/01/17 14:04:26 [notice] 1#1: worker process 36 exited with code 0
2022/01/17 14:04:26 [notice] 1#1: signal 29 (SIGIO) received
2022/01/17 14:04:26 [notice] 1#1: signal 17 (SIGCHLD) received from 32
2022/01/17 14:04:26 [notice] 1#1: worker process 32 exited with code 0
2022/01/17 14:04:26 [notice] 1#1: exit
2022/01/17 14:04:44 [warn] 1#1: conflicting server name "localhost" on 0.0.0.0:80, ignored
2022/01/17 14:04:44 [notice] 1#1: using the "epoll" event method
2022/01/17 14:04:44 [notice] 1#1: nginx/1.21.5
2022/01/17 14:04:44 [notice] 1#1: built by gcc 10.2.1 20210110 (Debian 10.2.1-6) 
2022/01/17 14:04:44 [notice] 1#1: OS: Linux 5.4.0-94-generic
2022/01/17 14:04:44 [notice] 1#1: getrlimit(RLIMIT_NOFILE): 1048576:1048576
2022/01/17 14:04:44 [notice] 1#1: start worker processes
2022/01/17 14:04:44 [notice] 1#1: start worker process 30
2022/01/17 14:04:44 [notice] 1#1: start worker process 31
2022/01/17 14:04:44 [notice] 1#1: start worker process 32
2022/01/17 14:04:44 [notice] 1#1: start worker process 33
2022/01/17 14:04:44 [notice] 1#1: start worker process 34
2022/01/17 14:04:44 [notice] 1#1: start worker process 35
2022/01/17 14:04:44 [notice] 1#1: start worker process 36
2022/01/17 14:04:44 [notice] 1#1: start worker process 37
2022/01/17 14:04:54 [error] 30#30: *4 "/etc/nginx/html/index.html" is not found (2: No such file or directory), client: 172.27.0.1, server: localhost, request: "GET / HTTP/1.1", host: "localhost"
2022/01/17 14:06:15 [notice] 1#1: signal 3 (SIGQUIT) received, shutting down
2022/01/17 14:06:15 [notice] 34#34: gracefully shutting down
2022/01/17 14:06:15 [notice] 30#30: gracefully shutting down
2022/01/17 14:06:15 [notice] 36#36: gracefully shutting down
2022/01/17 14:06:15 [notice] 35#35: gracefully shutting down
2022/01/17 14:06:15 [notice] 37#37: gracefully shutting down
2022/01/17 14:06:15 [notice] 33#33: gracefully shutting down
2022/01/17 14:06:15 [notice] 34#34: exiting
2022/01/17 14:06:15 [notice] 30#30: exiting
2022/01/17 14:06:15 [notice] 36#36: exiting
2022/01/17 14:06:15 [notice] 35#35: exiting
2022/01/17 14:06:15 [notice] 37#37: exiting
2022/01/17 14:06:15 [notice] 33#33: exiting
2022/01/17 14:06:15 [notice] 30#30: exit
2022/01/17 14:06:15 [notice] 37#37: exit
2022/01/17 14:06:15 [notice] 35#35: exit
2022/01/17 14:06:15 [notice] 33#33: exit
2022/01/17 14:06:15 [notice] 36#36: exit
2022/01/17 14:06:15 [notice] 34#34: exit
2022/01/17 14:06:15 [notice] 31#31: gracefully shutting down
2022/01/17 14:06:15 [notice] 32#32: gracefully shutting down
2022/01/17 14:06:15 [notice] 31#31: exiting
2022/01/17 14:06:15 [notice] 32#32: exiting
2022/01/17 14:06:15 [notice] 31#31: exit
2022/01/17 14:06:15 [notice] 32#32: exit
2022/01/17 14:06:16 [notice] 1#1: signal 17 (SIGCHLD) received from 31
2022/01/17 14:06:16 [notice] 1#1: worker process 30 exited with code 0
2022/01/17 14:06:16 [notice] 1#1: worker process 31 exited with code 0
2022/01/17 14:06:16 [notice] 1#1: worker process 32 exited with code 0
2022/01/17 14:06:16 [notice] 1#1: signal 29 (SIGIO) received
2022/01/17 14:06:16 [notice] 1#1: signal 17 (SIGCHLD) received from 34
2022/01/17 14:06:16 [notice] 1#1: worker process 34 exited with code 0
2022/01/17 14:06:16 [notice] 1#1: signal 29 (SIGIO) received
2022/01/17 14:06:16 [notice] 1#1: signal 17 (SIGCHLD) received from 36
2022/01/17 14:06:16 [notice] 1#1: worker process 36 exited with code 0
2022/01/17 14:06:16 [notice] 1#1: worker process 35 exited with code 0
2022/01/17 14:06:16 [notice] 1#1: signal 29 (SIGIO) received
2022/01/17 14:06:16 [notice] 1#1: signal 17 (SIGCHLD) received from 35
2022/01/17 14:06:16 [notice] 1#1: signal 17 (SIGCHLD) received from 33
2022/01/17 14:06:16 [notice] 1#1: worker process 33 exited with code 0
2022/01/17 14:06:16 [notice] 1#1: signal 29 (SIGIO) received
2022/01/17 14:06:16 [notice] 1#1: signal 17 (SIGCHLD) received from 37
2022/01/17 14:06:16 [notice] 1#1: worker process 37 exited with code 0
2022/01/17 14:06:16 [notice] 1#1: exit
2022/01/17 14:06:36 [warn] 1#1: conflicting server name "localhost" on 0.0.0.0:80, ignored
2022/01/17 14:06:36 [notice] 1#1: using the "epoll" event method
2022/01/17 14:06:36 [notice] 1#1: nginx/1.21.5
2022/01/17 14:06:36 [notice] 1#1: built by gcc 10.2.1 20210110 (Debian 10.2.1-6) 
2022/01/17 14:06:36 [notice] 1#1: OS: Linux 5.4.0-94-generic
2022/01/17 14:06:36 [notice] 1#1: getrlimit(RLIMIT_NOFILE): 1048576:1048576
2022/01/17 14:06:36 [notice] 1#1: start worker processes
2022/01/17 14:06:36 [notice] 1#1: start worker process 32
2022/01/17 14:06:36 [notice] 1#1: start worker process 33
2022/01/17 14:06:36 [notice] 1#1: start worker process 34
2022/01/17 14:06:36 [notice] 1#1: start worker process 35
2022/01/17 14:06:36 [notice] 1#1: start worker process 36
2022/01/17 14:06:36 [notice] 1#1: start worker process 37
2022/01/17 14:06:36 [notice] 1#1: start worker process 38
2022/01/17 14:06:36 [notice] 1#1: start worker process 39
2022/01/17 14:06:58 [notice] 1#1: signal 3 (SIGQUIT) received, shutting down
2022/01/17 14:06:58 [notice] 33#33: gracefully shutting down
2022/01/17 14:06:58 [notice] 32#32: gracefully shutting down
2022/01/17 14:06:58 [notice] 34#34: gracefully shutting down
2022/01/17 14:06:58 [notice] 35#35: gracefully shutting down
2022/01/17 14:06:58 [notice] 36#36: gracefully shutting down
2022/01/17 14:06:58 [notice] 38#38: gracefully shutting down
2022/01/17 14:06:58 [notice] 32#32: exiting
2022/01/17 14:06:58 [notice] 34#34: exiting
2022/01/17 14:06:58 [notice] 35#35: exiting
2022/01/17 14:06:58 [notice] 36#36: exiting
2022/01/17 14:06:58 [notice] 38#38: exiting
2022/01/17 14:06:58 [notice] 33#33: exiting
2022/01/17 14:06:58 [notice] 35#35: exit
2022/01/17 14:06:58 [notice] 34#34: exit
2022/01/17 14:06:58 [notice] 33#33: exit
2022/01/17 14:06:58 [notice] 32#32: exit
2022/01/17 14:06:58 [notice] 39#39: gracefully shutting down
2022/01/17 14:06:58 [notice] 39#39: exiting
2022/01/17 14:06:58 [notice] 39#39: exit
2022/01/17 14:06:58 [notice] 37#37: gracefully shutting down
2022/01/17 14:06:58 [notice] 37#37: exiting
2022/01/17 14:06:58 [notice] 36#36: exit
2022/01/17 14:06:58 [notice] 37#37: exit
2022/01/17 14:06:58 [notice] 38#38: exit
2022/01/17 14:06:58 [notice] 1#1: signal 17 (SIGCHLD) received from 37
2022/01/17 14:06:58 [notice] 1#1: worker process 33 exited with code 0
2022/01/17 14:06:58 [notice] 1#1: worker process 34 exited with code 0
2022/01/17 14:06:58 [notice] 1#1: worker process 35 exited with code 0
2022/01/17 14:06:58 [notice] 1#1: worker process 37 exited with code 0
2022/01/17 14:06:58 [notice] 1#1: worker process 38 exited with code 0
2022/01/17 14:06:58 [notice] 1#1: signal 29 (SIGIO) received
2022/01/17 14:06:58 [notice] 1#1: signal 17 (SIGCHLD) received from 33
2022/01/17 14:06:58 [notice] 1#1: signal 17 (SIGCHLD) received from 36
2022/01/17 14:06:58 [notice] 1#1: worker process 36 exited with code 0
2022/01/17 14:06:58 [notice] 1#1: signal 29 (SIGIO) received
2022/01/17 14:06:58 [notice] 1#1: signal 17 (SIGCHLD) received from 32
2022/01/17 14:06:58 [notice] 1#1: worker process 32 exited with code 0
2022/01/17 14:06:58 [notice] 1#1: signal 29 (SIGIO) received
2022/01/17 14:06:58 [notice] 1#1: signal 17 (SIGCHLD) received from 39
2022/01/17 14:06:58 [notice] 1#1: worker process 39 exited with code 0
2022/01/17 14:06:58 [notice] 1#1: exit
2022/01/17 14:07:25 [warn] 1#1: conflicting server name "localhost" on 0.0.0.0:80, ignored
2022/01/17 14:07:25 [notice] 1#1: using the "epoll" event method
2022/01/17 14:07:25 [notice] 1#1: nginx/1.21.5
2022/01/17 14:07:25 [notice] 1#1: built by gcc 10.2.1 20210110 (Debian 10.2.1-6) 
2022/01/17 14:07:25 [notice] 1#1: OS: Linux 5.4.0-94-generic
2022/01/17 14:07:25 [notice] 1#1: getrlimit(RLIMIT_NOFILE): 1048576:1048576
2022/01/17 14:07:25 [notice] 1#1: start worker processes
2022/01/17 14:07:25 [notice] 1#1: start worker process 30
2022/01/17 14:07:25 [notice] 1#1: start worker process 31
2022/01/17 14:07:25 [notice] 1#1: start worker process 32
2022/01/17 14:07:25 [notice] 1#1: start worker process 33
2022/01/17 14:07:25 [notice] 1#1: start worker process 34
2022/01/17 14:07:25 [notice] 1#1: start worker process 35
2022/01/17 14:07:25 [notice] 1#1: start worker process 36
2022/01/17 14:07:25 [notice] 1#1: start worker process 37
2022/01/17 14:07:35 [error] 32#32: *1 "/etc/nginx/html/index.html" is not found (2: No such file or directory), client: 172.27.0.1, server: localhost, request: "GET / HTTP/1.1", host: "localhost"
2022/01/17 14:09:34 [notice] 1#1: signal 3 (SIGQUIT) received, shutting down
2022/01/17 14:09:34 [notice] 30#30: gracefully shutting down
2022/01/17 14:09:34 [notice] 33#33: gracefully shutting down
2022/01/17 14:09:34 [notice] 34#34: gracefully shutting down
2022/01/17 14:09:34 [notice] 32#32: gracefully shutting down
2022/01/17 14:09:34 [notice] 31#31: gracefully shutting down
2022/01/17 14:09:34 [notice] 30#30: exiting
2022/01/17 14:09:34 [notice] 36#36: gracefully shutting down
2022/01/17 14:09:34 [notice] 33#33: exiting
2022/01/17 14:09:34 [notice] 34#34: exiting
2022/01/17 14:09:34 [notice] 32#32: exiting
2022/01/17 14:09:34 [notice] 31#31: exiting
2022/01/17 14:09:34 [notice] 36#36: exiting
2022/01/17 14:09:34 [notice] 35#35: gracefully shutting down
2022/01/17 14:09:34 [notice] 35#35: exiting
2022/01/17 14:09:34 [notice] 32#32: exit
2022/01/17 14:09:34 [notice] 30#30: exit
2022/01/17 14:09:34 [notice] 34#34: exit
2022/01/17 14:09:34 [notice] 31#31: exit
2022/01/17 14:09:34 [notice] 33#33: exit
2022/01/17 14:09:34 [notice] 35#35: exit
2022/01/17 14:09:34 [notice] 37#37: gracefully shutting down
2022/01/17 14:09:34 [notice] 37#37: exiting
2022/01/17 14:09:34 [notice] 36#36: exit
2022/01/17 14:09:34 [notice] 37#37: exit
2022/01/17 14:09:34 [notice] 1#1: signal 17 (SIGCHLD) received from 31
2022/01/17 14:09:34 [notice] 1#1: worker process 31 exited with code 0
2022/01/17 14:09:34 [notice] 1#1: worker process 35 exited with code 0
2022/01/17 14:09:34 [notice] 1#1: worker process 36 exited with code 0
2022/01/17 14:09:34 [notice] 1#1: signal 29 (SIGIO) received
2022/01/17 14:09:34 [notice] 1#1: signal 17 (SIGCHLD) received from 36
2022/01/17 14:09:34 [notice] 1#1: signal 17 (SIGCHLD) received from 33
2022/01/17 14:09:34 [notice] 1#1: worker process 33 exited with code 0
2022/01/17 14:09:34 [notice] 1#1: signal 29 (SIGIO) received
2022/01/17 14:09:34 [notice] 1#1: signal 17 (SIGCHLD) received from 30
2022/01/17 14:09:34 [notice] 1#1: worker process 30 exited with code 0
2022/01/17 14:09:34 [notice] 1#1: signal 29 (SIGIO) received
2022/01/17 14:09:34 [notice] 1#1: signal 17 (SIGCHLD) received from 32
2022/01/17 14:09:34 [notice] 1#1: worker process 32 exited with code 0
2022/01/17 14:09:34 [notice] 1#1: worker process 37 exited with code 0
2022/01/17 14:09:34 [notice] 1#1: signal 29 (SIGIO) received
2022/01/17 14:09:34 [notice] 1#1: signal 17 (SIGCHLD) received from 37
2022/01/17 14:09:34 [notice] 1#1: signal 17 (SIGCHLD) received from 34
2022/01/17 14:09:34 [notice] 1#1: worker process 34 exited with code 0
2022/01/17 14:09:34 [notice] 1#1: exit
2022/01/17 14:09:52 [warn] 1#1: conflicting server name "localhost" on 0.0.0.0:80, ignored
2022/01/17 14:09:52 [notice] 1#1: using the "epoll" event method
2022/01/17 14:09:52 [notice] 1#1: nginx/1.21.5
2022/01/17 14:09:52 [notice] 1#1: built by gcc 10.2.1 20210110 (Debian 10.2.1-6) 
2022/01/17 14:09:52 [notice] 1#1: OS: Linux 5.4.0-94-generic
2022/01/17 14:09:52 [notice] 1#1: getrlimit(RLIMIT_NOFILE): 1048576:1048576
2022/01/17 14:09:52 [notice] 1#1: start worker processes
2022/01/17 14:09:52 [notice] 1#1: start worker process 30
2022/01/17 14:09:52 [notice] 1#1: start worker process 31
2022/01/17 14:09:52 [notice] 1#1: start worker process 32
2022/01/17 14:09:52 [notice] 1#1: start worker process 33
2022/01/17 14:09:52 [notice] 1#1: start worker process 34
2022/01/17 14:09:52 [notice] 1#1: start worker process 35
2022/01/17 14:09:52 [notice] 1#1: start worker process 36
2022/01/17 14:09:52 [notice] 1#1: start worker process 37
2022/01/17 14:10:46 [notice] 1#1: signal 3 (SIGQUIT) received, shutting down
2022/01/17 14:10:46 [notice] 33#33: gracefully shutting down
2022/01/17 14:10:46 [notice] 30#30: gracefully shutting down
2022/01/17 14:10:46 [notice] 36#36: gracefully shutting down
2022/01/17 14:10:46 [notice] 35#35: gracefully shutting down
2022/01/17 14:10:46 [notice] 33#33: exiting
2022/01/17 14:10:46 [notice] 30#30: exiting
2022/01/17 14:10:46 [notice] 36#36: exiting
2022/01/17 14:10:46 [notice] 35#35: exiting
2022/01/17 14:10:46 [notice] 30#30: exit
2022/01/17 14:10:46 [notice] 33#33: exit
2022/01/17 14:10:46 [notice] 36#36: exit
2022/01/17 14:10:46 [notice] 35#35: exit
2022/01/17 14:10:46 [notice] 34#34: gracefully shutting down
2022/01/17 14:10:46 [notice] 37#37: gracefully shutting down
2022/01/17 14:10:46 [notice] 31#31: gracefully shutting down
2022/01/17 14:10:46 [notice] 32#32: gracefully shutting down
2022/01/17 14:10:46 [notice] 34#34: exiting
2022/01/17 14:10:46 [notice] 37#37: exiting
2022/01/17 14:10:46 [notice] 32#32: exiting
2022/01/17 14:10:46 [notice] 31#31: exiting
2022/01/17 14:10:46 [notice] 37#37: exit
2022/01/17 14:10:46 [notice] 34#34: exit
2022/01/17 14:10:46 [notice] 32#32: exit
2022/01/17 14:10:46 [notice] 31#31: exit
2022/01/17 14:10:46 [notice] 1#1: signal 17 (SIGCHLD) received from 30
2022/01/17 14:10:46 [notice] 1#1: worker process 30 exited with code 0
2022/01/17 14:10:46 [notice] 1#1: worker process 36 exited with code 0
2022/01/17 14:10:46 [notice] 1#1: signal 29 (SIGIO) received
2022/01/17 14:10:46 [notice] 1#1: signal 17 (SIGCHLD) received from 32
2022/01/17 14:10:46 [notice] 1#1: worker process 32 exited with code 0
2022/01/17 14:10:46 [notice] 1#1: worker process 33 exited with code 0
2022/01/17 14:10:46 [notice] 1#1: signal 29 (SIGIO) received
2022/01/17 14:10:46 [notice] 1#1: signal 17 (SIGCHLD) received from 37
2022/01/17 14:10:46 [notice] 1#1: worker process 37 exited with code 0
2022/01/17 14:10:46 [notice] 1#1: worker process 34 exited with code 0
2022/01/17 14:10:46 [notice] 1#1: signal 29 (SIGIO) received
2022/01/17 14:10:46 [notice] 1#1: signal 17 (SIGCHLD) received from 34
2022/01/17 14:10:46 [notice] 1#1: signal 17 (SIGCHLD) received from 35
2022/01/17 14:10:46 [notice] 1#1: worker process 35 exited with code 0
2022/01/17 14:10:46 [notice] 1#1: signal 29 (SIGIO) received
2022/01/17 14:10:46 [notice] 1#1: signal 17 (SIGCHLD) received from 31
2022/01/17 14:10:46 [notice] 1#1: worker process 31 exited with code 0
2022/01/17 14:10:46 [notice] 1#1: exit
2022/01/17 14:11:03 [warn] 1#1: conflicting server name "localhost" on 0.0.0.0:80, ignored
2022/01/17 14:11:03 [notice] 1#1: using the "epoll" event method
2022/01/17 14:11:03 [notice] 1#1: nginx/1.21.5
2022/01/17 14:11:03 [notice] 1#1: built by gcc 10.2.1 20210110 (Debian 10.2.1-6) 
2022/01/17 14:11:03 [notice] 1#1: OS: Linux 5.4.0-94-generic
2022/01/17 14:11:03 [notice] 1#1: getrlimit(RLIMIT_NOFILE): 1048576:1048576
2022/01/17 14:11:03 [notice] 1#1: start worker processes
2022/01/17 14:11:03 [notice] 1#1: start worker process 30
2022/01/17 14:11:03 [notice] 1#1: start worker process 31
2022/01/17 14:11:03 [notice] 1#1: start worker process 32
2022/01/17 14:11:03 [notice] 1#1: start worker process 33
2022/01/17 14:11:03 [notice] 1#1: start worker process 34
2022/01/17 14:11:03 [notice] 1#1: start worker process 35
2022/01/17 14:11:03 [notice] 1#1: start worker process 36
2022/01/17 14:11:03 [notice] 1#1: start worker process 37
2022/01/17 14:13:05 [notice] 1#1: signal 3 (SIGQUIT) received, shutting down
2022/01/17 14:13:05 [notice] 31#31: gracefully shutting down
2022/01/17 14:13:05 [notice] 30#30: gracefully shutting down
2022/01/17 14:13:05 [notice] 32#32: gracefully shutting down
2022/01/17 14:13:05 [notice] 33#33: gracefully shutting down
2022/01/17 14:13:05 [notice] 34#34: gracefully shutting down
2022/01/17 14:13:05 [notice] 31#31: exiting
2022/01/17 14:13:05 [notice] 30#30: exiting
2022/01/17 14:13:05 [notice] 36#36: gracefully shutting down
2022/01/17 14:13:05 [notice] 32#32: exiting
2022/01/17 14:13:05 [notice] 33#33: exiting
2022/01/17 14:13:05 [notice] 34#34: exiting
2022/01/17 14:13:05 [notice] 35#35: gracefully shutting down
2022/01/17 14:13:05 [notice] 36#36: exiting
2022/01/17 14:13:05 [notice] 35#35: exiting
2022/01/17 14:13:05 [notice] 36#36: exit
2022/01/17 14:13:05 [notice] 32#32: exit
2022/01/17 14:13:05 [notice] 34#34: exit
2022/01/17 14:13:05 [notice] 33#33: exit
2022/01/17 14:13:05 [notice] 31#31: exit
2022/01/17 14:13:05 [notice] 30#30: exit
2022/01/17 14:13:05 [notice] 35#35: exit
2022/01/17 14:13:05 [notice] 37#37: gracefully shutting down
2022/01/17 14:13:05 [notice] 37#37: exiting
2022/01/17 14:13:05 [notice] 37#37: exit
2022/01/17 14:13:05 [notice] 1#1: signal 17 (SIGCHLD) received from 33
2022/01/17 14:13:05 [notice] 1#1: worker process 33 exited with code 0
2022/01/17 14:13:05 [notice] 1#1: signal 29 (SIGIO) received
2022/01/17 14:13:05 [notice] 1#1: signal 17 (SIGCHLD) received from 36
2022/01/17 14:13:05 [notice] 1#1: worker process 36 exited with code 0
2022/01/17 14:13:05 [notice] 1#1: signal 29 (SIGIO) received
2022/01/17 14:13:05 [notice] 1#1: signal 17 (SIGCHLD) received from 37
2022/01/17 14:13:05 [notice] 1#1: worker process 37 exited with code 0
2022/01/17 14:13:05 [notice] 1#1: signal 29 (SIGIO) received
2022/01/17 14:13:05 [notice] 1#1: signal 17 (SIGCHLD) received from 34
2022/01/17 14:13:05 [notice] 1#1: worker process 34 exited with code 0
2022/01/17 14:13:05 [notice] 1#1: worker process 31 exited with code 0
2022/01/17 14:13:05 [notice] 1#1: signal 29 (SIGIO) received
2022/01/17 14:13:05 [notice] 1#1: signal 17 (SIGCHLD) received from 31
2022/01/17 14:13:05 [notice] 1#1: signal 17 (SIGCHLD) received from 30
2022/01/17 14:13:05 [notice] 1#1: worker process 30 exited with code 0
2022/01/17 14:13:05 [notice] 1#1: signal 29 (SIGIO) received
2022/01/17 14:13:05 [notice] 1#1: signal 17 (SIGCHLD) received from 32
2022/01/17 14:13:05 [notice] 1#1: worker process 32 exited with code 0
2022/01/17 14:13:05 [notice] 1#1: signal 29 (SIGIO) received
2022/01/17 14:13:05 [notice] 1#1: signal 17 (SIGCHLD) received from 35
2022/01/17 14:13:05 [notice] 1#1: worker process 35 exited with code 0
2022/01/17 14:13:05 [notice] 1#1: exit
2022/01/17 14:13:22 [warn] 1#1: conflicting server name "localhost" on 0.0.0.0:80, ignored
2022/01/17 14:13:22 [notice] 1#1: using the "epoll" event method
2022/01/17 14:13:22 [notice] 1#1: nginx/1.21.5
2022/01/17 14:13:22 [notice] 1#1: built by gcc 10.2.1 20210110 (Debian 10.2.1-6) 
2022/01/17 14:13:22 [notice] 1#1: OS: Linux 5.4.0-94-generic
2022/01/17 14:13:22 [notice] 1#1: getrlimit(RLIMIT_NOFILE): 1048576:1048576
2022/01/17 14:13:22 [notice] 1#1: start worker processes
2022/01/17 14:13:22 [notice] 1#1: start worker process 30
2022/01/17 14:13:22 [notice] 1#1: start worker process 31
2022/01/17 14:13:22 [notice] 1#1: start worker process 32
2022/01/17 14:13:22 [notice] 1#1: start worker process 33
2022/01/17 14:13:22 [notice] 1#1: start worker process 34
2022/01/17 14:13:22 [notice] 1#1: start worker process 35
2022/01/17 14:13:22 [notice] 1#1: start worker process 36
2022/01/17 14:13:22 [notice] 1#1: start worker process 37
2022/01/17 14:15:31 [notice] 1#1: signal 3 (SIGQUIT) received, shutting down
2022/01/17 14:15:31 [notice] 32#32: gracefully shutting down
2022/01/17 14:15:31 [notice] 30#30: gracefully shutting down
2022/01/17 14:15:31 [notice] 34#34: gracefully shutting down
2022/01/17 14:15:31 [notice] 35#35: gracefully shutting down
2022/01/17 14:15:31 [notice] 32#32: exiting
2022/01/17 14:15:31 [notice] 30#30: exiting
2022/01/17 14:15:31 [notice] 37#37: gracefully shutting down
2022/01/17 14:15:31 [notice] 34#34: exiting
2022/01/17 14:15:31 [notice] 35#35: exiting
2022/01/17 14:15:31 [notice] 37#37: exiting
2022/01/17 14:15:31 [notice] 31#31: gracefully shutting down
2022/01/17 14:15:31 [notice] 31#31: exiting
2022/01/17 14:15:31 [notice] 37#37: exit
2022/01/17 14:15:31 [notice] 35#35: exit
2022/01/17 14:15:31 [notice] 32#32: exit
2022/01/17 14:15:31 [notice] 30#30: exit
2022/01/17 14:15:31 [notice] 34#34: exit
2022/01/17 14:15:31 [notice] 31#31: exit
2022/01/17 14:15:31 [notice] 36#36: gracefully shutting down
2022/01/17 14:15:31 [notice] 36#36: exiting
2022/01/17 14:15:31 [notice] 33#33: gracefully shutting down
2022/01/17 14:15:31 [notice] 33#33: exiting
2022/01/17 14:15:31 [notice] 36#36: exit
2022/01/17 14:15:31 [notice] 33#33: exit
2022/01/17 14:15:31 [notice] 1#1: signal 17 (SIGCHLD) received from 37
2022/01/17 14:15:31 [notice] 1#1: worker process 33 exited with code 0
2022/01/17 14:15:31 [notice] 1#1: worker process 34 exited with code 0
2022/01/17 14:15:31 [notice] 1#1: worker process 37 exited with code 0
2022/01/17 14:15:31 [notice] 1#1: signal 29 (SIGIO) received
2022/01/17 14:15:31 [notice] 1#1: signal 17 (SIGCHLD) received from 34
2022/01/17 14:15:31 [notice] 1#1: signal 17 (SIGCHLD) received from 31
2022/01/17 14:15:31 [notice] 1#1: worker process 31 exited with code 0
2022/01/17 14:15:31 [notice] 1#1: worker process 35 exited with code 0
2022/01/17 14:15:31 [notice] 1#1: signal 29 (SIGIO) received
2022/01/17 14:15:31 [notice] 1#1: signal 17 (SIGCHLD) received from 35
2022/01/17 14:15:31 [notice] 1#1: worker process 36 exited with code 0
2022/01/17 14:15:31 [notice] 1#1: signal 29 (SIGIO) received
2022/01/17 14:15:31 [notice] 1#1: signal 17 (SIGCHLD) received from 30
2022/01/17 14:15:31 [notice] 1#1: worker process 30 exited with code 0
2022/01/17 14:15:31 [notice] 1#1: signal 29 (SIGIO) received
2022/01/17 14:15:31 [notice] 1#1: signal 17 (SIGCHLD) received from 32
2022/01/17 14:15:31 [notice] 1#1: worker process 32 exited with code 0
2022/01/17 14:15:31 [notice] 1#1: exit
2022/01/17 14:15:57 [warn] 1#1: conflicting server name "localhost" on 0.0.0.0:80, ignored
2022/01/17 14:15:57 [notice] 1#1: using the "epoll" event method
2022/01/17 14:15:57 [notice] 1#1: nginx/1.21.5
2022/01/17 14:15:57 [notice] 1#1: built by gcc 10.2.1 20210110 (Debian 10.2.1-6) 
2022/01/17 14:15:57 [notice] 1#1: OS: Linux 5.4.0-94-generic
2022/01/17 14:15:57 [notice] 1#1: getrlimit(RLIMIT_NOFILE): 1048576:1048576
2022/01/17 14:15:57 [notice] 1#1: start worker processes
2022/01/17 14:15:57 [notice] 1#1: start worker process 33
2022/01/17 14:15:57 [notice] 1#1: start worker process 34
2022/01/17 14:15:57 [notice] 1#1: start worker process 35
2022/01/17 14:15:57 [notice] 1#1: start worker process 36
2022/01/17 14:15:57 [notice] 1#1: start worker process 37
2022/01/17 14:15:57 [notice] 1#1: start worker process 38
2022/01/17 14:15:57 [notice] 1#1: start worker process 39
2022/01/17 14:15:57 [notice] 1#1: start worker process 40
2022/01/17 14:16:22 [notice] 1#1: signal 3 (SIGQUIT) received, shutting down
2022/01/17 14:16:22 [notice] 34#34: gracefully shutting down
2022/01/17 14:16:22 [notice] 33#33: gracefully shutting down
2022/01/17 14:16:22 [notice] 36#36: gracefully shutting down
2022/01/17 14:16:22 [notice] 34#34: exiting
2022/01/17 14:16:22 [notice] 39#39: gracefully shutting down
2022/01/17 14:16:22 [notice] 33#33: exiting
2022/01/17 14:16:22 [notice] 37#37: gracefully shutting down
2022/01/17 14:16:22 [notice] 35#35: gracefully shutting down
2022/01/17 14:16:22 [notice] 36#36: exiting
2022/01/17 14:16:22 [notice] 39#39: exiting
2022/01/17 14:16:22 [notice] 37#37: exiting
2022/01/17 14:16:22 [notice] 35#35: exiting
2022/01/17 14:16:22 [notice] 36#36: exit
2022/01/17 14:16:22 [notice] 34#34: exit
2022/01/17 14:16:22 [notice] 39#39: exit
2022/01/17 14:16:22 [notice] 33#33: exit
2022/01/17 14:16:22 [notice] 35#35: exit
2022/01/17 14:16:22 [notice] 37#37: exit
2022/01/17 14:16:22 [notice] 40#40: gracefully shutting down
2022/01/17 14:16:22 [notice] 38#38: gracefully shutting down
2022/01/17 14:16:22 [notice] 40#40: exiting
2022/01/17 14:16:22 [notice] 38#38: exiting
2022/01/17 14:16:22 [notice] 40#40: exit
2022/01/17 14:16:22 [notice] 38#38: exit
2022/01/17 14:16:22 [notice] 1#1: signal 17 (SIGCHLD) received from 34
2022/01/17 14:16:22 [notice] 1#1: worker process 34 exited with code 0
2022/01/17 14:16:22 [notice] 1#1: worker process 40 exited with code 0
2022/01/17 14:16:22 [notice] 1#1: signal 29 (SIGIO) received
2022/01/17 14:16:22 [notice] 1#1: signal 17 (SIGCHLD) received from 40
2022/01/17 14:16:22 [notice] 1#1: worker process 38 exited with code 0
2022/01/17 14:16:22 [notice] 1#1: worker process 39 exited with code 0
2022/01/17 14:16:22 [notice] 1#1: signal 29 (SIGIO) received
2022/01/17 14:16:22 [notice] 1#1: signal 17 (SIGCHLD) received from 36
2022/01/17 14:16:22 [notice] 1#1: worker process 36 exited with code 0
2022/01/17 14:16:22 [notice] 1#1: signal 29 (SIGIO) received
2022/01/17 14:16:22 [notice] 1#1: signal 17 (SIGCHLD) received from 37
2022/01/17 14:16:22 [notice] 1#1: worker process 37 exited with code 0
2022/01/17 14:16:22 [notice] 1#1: signal 29 (SIGIO) received
2022/01/17 14:16:22 [notice] 1#1: signal 17 (SIGCHLD) received from 33
2022/01/17 14:16:22 [notice] 1#1: worker process 33 exited with code 0
2022/01/17 14:16:22 [notice] 1#1: signal 29 (SIGIO) received
2022/01/17 14:16:22 [notice] 1#1: signal 17 (SIGCHLD) received from 35
2022/01/17 14:16:22 [notice] 1#1: worker process 35 exited with code 0
2022/01/17 14:16:22 [notice] 1#1: exit
2022/01/17 14:16:51 [warn] 1#1: conflicting server name "localhost" on 0.0.0.0:80, ignored
2022/01/17 14:16:51 [notice] 1#1: using the "epoll" event method
2022/01/17 14:16:51 [notice] 1#1: nginx/1.21.5
2022/01/17 14:16:51 [notice] 1#1: built by gcc 10.2.1 20210110 (Debian 10.2.1-6) 
2022/01/17 14:16:51 [notice] 1#1: OS: Linux 5.4.0-94-generic
2022/01/17 14:16:51 [notice] 1#1: getrlimit(RLIMIT_NOFILE): 1048576:1048576
2022/01/17 14:16:51 [notice] 1#1: start worker processes
2022/01/17 14:16:51 [notice] 1#1: start worker process 30
2022/01/17 14:16:51 [notice] 1#1: start worker process 31
2022/01/17 14:16:51 [notice] 1#1: start worker process 32
2022/01/17 14:16:51 [notice] 1#1: start worker process 33
2022/01/17 14:16:51 [notice] 1#1: start worker process 34
2022/01/17 14:16:51 [notice] 1#1: start worker process 35
2022/01/17 14:16:51 [notice] 1#1: start worker process 36
2022/01/17 14:16:51 [notice] 1#1: start worker process 37
2022/01/17 14:20:07 [notice] 1#1: signal 3 (SIGQUIT) received, shutting down
2022/01/17 14:20:07 [notice] 32#32: gracefully shutting down
2022/01/17 14:20:07 [notice] 33#33: gracefully shutting down
2022/01/17 14:20:07 [notice] 30#30: gracefully shutting down
2022/01/17 14:20:07 [notice] 35#35: gracefully shutting down
2022/01/17 14:20:07 [notice] 37#37: gracefully shutting down
2022/01/17 14:20:07 [notice] 32#32: exiting
2022/01/17 14:20:07 [notice] 33#33: exiting
2022/01/17 14:20:07 [notice] 30#30: exiting
2022/01/17 14:20:07 [notice] 35#35: exiting
2022/01/17 14:20:07 [notice] 37#37: exiting
2022/01/17 14:20:07 [notice] 34#34: gracefully shutting down
2022/01/17 14:20:07 [notice] 34#34: exiting
2022/01/17 14:20:07 [notice] 35#35: exit
2022/01/17 14:20:07 [notice] 33#33: exit
2022/01/17 14:20:07 [notice] 31#31: gracefully shutting down
2022/01/17 14:20:07 [notice] 30#30: exit
2022/01/17 14:20:07 [notice] 32#32: exit
2022/01/17 14:20:07 [notice] 31#31: exiting
2022/01/17 14:20:07 [notice] 34#34: exit
2022/01/17 14:20:07 [notice] 31#31: exit
2022/01/17 14:20:07 [notice] 36#36: gracefully shutting down
2022/01/17 14:20:07 [notice] 37#37: exit
2022/01/17 14:20:07 [notice] 36#36: exiting
2022/01/17 14:20:07 [notice] 36#36: exit
2022/01/17 14:20:07 [notice] 1#1: signal 17 (SIGCHLD) received from 34
2022/01/17 14:20:07 [notice] 1#1: worker process 34 exited with code 0
2022/01/17 14:20:07 [notice] 1#1: worker process 35 exited with code 0
2022/01/17 14:20:07 [notice] 1#1: worker process 36 exited with code 0
2022/01/17 14:20:07 [notice] 1#1: signal 29 (SIGIO) received
2022/01/17 14:20:07 [notice] 1#1: signal 17 (SIGCHLD) received from 32
2022/01/17 14:20:07 [notice] 1#1: worker process 32 exited with code 0
2022/01/17 14:20:07 [notice] 1#1: signal 29 (SIGIO) received
2022/01/17 14:20:07 [notice] 1#1: signal 17 (SIGCHLD) received from 37
2022/01/17 14:20:07 [notice] 1#1: worker process 37 exited with code 0
2022/01/17 14:20:07 [notice] 1#1: signal 29 (SIGIO) received
2022/01/17 14:20:07 [notice] 1#1: signal 17 (SIGCHLD) received from 31
2022/01/17 14:20:07 [notice] 1#1: worker process 31 exited with code 0
2022/01/17 14:20:07 [notice] 1#1: signal 29 (SIGIO) received
2022/01/17 14:20:07 [notice] 1#1: signal 17 (SIGCHLD) received from 33
2022/01/17 14:20:07 [notice] 1#1: worker process 33 exited with code 0
2022/01/17 14:20:07 [notice] 1#1: signal 29 (SIGIO) received
2022/01/17 14:20:07 [notice] 1#1: signal 17 (SIGCHLD) received from 30
2022/01/17 14:20:07 [notice] 1#1: worker process 30 exited with code 0
2022/01/17 14:20:07 [notice] 1#1: exit
2022/01/17 14:20:25 [warn] 1#1: conflicting server name "localhost" on 0.0.0.0:80, ignored
2022/01/17 14:20:25 [notice] 1#1: using the "epoll" event method
2022/01/17 14:20:25 [notice] 1#1: nginx/1.21.5
2022/01/17 14:20:25 [notice] 1#1: built by gcc 10.2.1 20210110 (Debian 10.2.1-6) 
2022/01/17 14:20:25 [notice] 1#1: OS: Linux 5.4.0-94-generic
2022/01/17 14:20:25 [notice] 1#1: getrlimit(RLIMIT_NOFILE): 1048576:1048576
2022/01/17 14:20:25 [notice] 1#1: start worker processes
2022/01/17 14:20:25 [notice] 1#1: start worker process 30
2022/01/17 14:20:25 [notice] 1#1: start worker process 31
2022/01/17 14:20:25 [notice] 1#1: start worker process 32
2022/01/17 14:20:25 [notice] 1#1: start worker process 33
2022/01/17 14:20:25 [notice] 1#1: start worker process 34
2022/01/17 14:20:25 [notice] 1#1: start worker process 35
2022/01/17 14:20:25 [notice] 1#1: start worker process 36
2022/01/17 14:20:25 [notice] 1#1: start worker process 37
2022/01/17 14:21:17 [error] 31#31: *12 peer closed connection in SSL handshake while SSL handshaking to upstream, client: 172.27.0.1, server: localhost, request: "GET /secure/account/ HTTP/1.1", upstream: "https://172.27.0.2:8000/secure/account/", host: "localhost", referrer: "http://localhost/"
2022/01/17 14:21:26 [notice] 1#1: signal 3 (SIGQUIT) received, shutting down
2022/01/17 14:21:26 [notice] 32#32: gracefully shutting down
2022/01/17 14:21:26 [notice] 30#30: gracefully shutting down
2022/01/17 14:21:26 [notice] 33#33: gracefully shutting down
2022/01/17 14:21:26 [notice] 31#31: gracefully shutting down
2022/01/17 14:21:26 [notice] 32#32: exiting
2022/01/17 14:21:26 [notice] 35#35: gracefully shutting down
2022/01/17 14:21:26 [notice] 36#36: gracefully shutting down
2022/01/17 14:21:26 [notice] 30#30: exiting
2022/01/17 14:21:26 [notice] 33#33: exiting
2022/01/17 14:21:26 [notice] 35#35: exiting
2022/01/17 14:21:26 [notice] 36#36: exiting
2022/01/17 14:21:26 [notice] 31#31: exiting
2022/01/17 14:21:26 [notice] 30#30: exit
2022/01/17 14:21:26 [notice] 33#33: exit
2022/01/17 14:21:26 [notice] 35#35: exit
2022/01/17 14:21:26 [notice] 36#36: exit
2022/01/17 14:21:26 [notice] 31#31: exit
2022/01/17 14:21:26 [notice] 34#34: gracefully shutting down
2022/01/17 14:21:26 [notice] 37#37: gracefully shutting down
2022/01/17 14:21:26 [notice] 32#32: exit
2022/01/17 14:21:26 [notice] 34#34: exiting
2022/01/17 14:21:26 [notice] 37#37: exiting
2022/01/17 14:21:26 [notice] 37#37: exit
2022/01/17 14:21:26 [notice] 34#34: exit
2022/01/17 14:21:26 [notice] 1#1: signal 17 (SIGCHLD) received from 36
2022/01/17 14:21:26 [notice] 1#1: worker process 34 exited with code 0
2022/01/17 14:21:26 [notice] 1#1: worker process 32 exited with code 0
2022/01/17 14:21:26 [notice] 1#1: worker process 35 exited with code 0
2022/01/17 14:21:26 [notice] 1#1: worker process 36 exited with code 0
2022/01/17 14:21:26 [notice] 1#1: signal 29 (SIGIO) received
2022/01/17 14:21:26 [notice] 1#1: signal 17 (SIGCHLD) received from 34
2022/01/17 14:21:26 [notice] 1#1: signal 17 (SIGCHLD) received from 30
2022/01/17 14:21:26 [notice] 1#1: worker process 30 exited with code 0
2022/01/17 14:21:26 [notice] 1#1: signal 29 (SIGIO) received
2022/01/17 14:21:26 [notice] 1#1: signal 17 (SIGCHLD) received from 31
2022/01/17 14:21:26 [notice] 1#1: worker process 31 exited with code 0
2022/01/17 14:21:26 [notice] 1#1: worker process 37 exited with code 0
2022/01/17 14:21:26 [notice] 1#1: signal 29 (SIGIO) received
2022/01/17 14:21:26 [notice] 1#1: signal 17 (SIGCHLD) received from 37
2022/01/17 14:21:26 [notice] 1#1: signal 17 (SIGCHLD) received from 33
2022/01/17 14:21:26 [notice] 1#1: worker process 33 exited with code 0
2022/01/17 14:21:26 [notice] 1#1: exit
2022/01/17 14:21:43 [warn] 1#1: conflicting server name "localhost" on 0.0.0.0:80, ignored
2022/01/17 14:21:43 [notice] 1#1: using the "epoll" event method
2022/01/17 14:21:43 [notice] 1#1: nginx/1.21.5
2022/01/17 14:21:43 [notice] 1#1: built by gcc 10.2.1 20210110 (Debian 10.2.1-6) 
2022/01/17 14:21:43 [notice] 1#1: OS: Linux 5.4.0-94-generic
2022/01/17 14:21:43 [notice] 1#1: getrlimit(RLIMIT_NOFILE): 1048576:1048576
2022/01/17 14:21:43 [notice] 1#1: start worker processes
2022/01/17 14:21:43 [notice] 1#1: start worker process 31
2022/01/17 14:21:43 [notice] 1#1: start worker process 32
2022/01/17 14:21:43 [notice] 1#1: start worker process 33
2022/01/17 14:21:43 [notice] 1#1: start worker process 34
2022/01/17 14:21:43 [notice] 1#1: start worker process 35
2022/01/17 14:21:43 [notice] 1#1: start worker process 36
2022/01/17 14:21:43 [notice] 1#1: start worker process 37
2022/01/17 14:21:43 [notice] 1#1: start worker process 38
2022/01/17 14:23:01 [notice] 1#1: signal 3 (SIGQUIT) received, shutting down
2022/01/17 14:23:01 [notice] 32#32: gracefully shutting down
2022/01/17 14:23:01 [notice] 33#33: gracefully shutting down
2022/01/17 14:23:01 [notice] 31#31: gracefully shutting down
2022/01/17 14:23:01 [notice] 34#34: gracefully shutting down
2022/01/17 14:23:01 [notice] 37#37: gracefully shutting down
2022/01/17 14:23:01 [notice] 32#32: exiting
2022/01/17 14:23:01 [notice] 38#38: gracefully shutting down
2022/01/17 14:23:01 [notice] 34#34: exiting
2022/01/17 14:23:01 [notice] 37#37: exiting
2022/01/17 14:23:01 [notice] 38#38: exiting
2022/01/17 14:23:01 [notice] 33#33: exiting
2022/01/17 14:23:01 [notice] 33#33: exit
2022/01/17 14:23:01 [notice] 37#37: exit
2022/01/17 14:23:01 [notice] 32#32: exit
2022/01/17 14:23:01 [notice] 34#34: exit
2022/01/17 14:23:01 [notice] 38#38: exit
2022/01/17 14:23:01 [notice] 31#31: exiting
2022/01/17 14:23:01 [notice] 31#31: exit
2022/01/17 14:23:01 [notice] 36#36: gracefully shutting down
2022/01/17 14:23:01 [notice] 36#36: exiting
2022/01/17 14:23:01 [notice] 35#35: gracefully shutting down
2022/01/17 14:23:01 [notice] 35#35: exiting
2022/01/17 14:23:01 [notice] 36#36: exit
2022/01/17 14:23:01 [notice] 35#35: exit
2022/01/17 14:23:01 [notice] 1#1: signal 17 (SIGCHLD) received from 38
2022/01/17 14:23:01 [notice] 1#1: worker process 36 exited with code 0
2022/01/17 14:23:01 [notice] 1#1: worker process 38 exited with code 0
2022/01/17 14:23:01 [notice] 1#1: signal 29 (SIGIO) received
2022/01/17 14:23:01 [notice] 1#1: signal 17 (SIGCHLD) received from 37
2022/01/17 14:23:01 [notice] 1#1: worker process 37 exited with code 0
2022/01/17 14:23:01 [notice] 1#1: signal 29 (SIGIO) received
2022/01/17 14:23:01 [notice] 1#1: signal 17 (SIGCHLD) received from 35
2022/01/17 14:23:01 [notice] 1#1: worker process 33 exited with code 0
2022/01/17 14:23:01 [notice] 1#1: worker process 35 exited with code 0
2022/01/17 14:23:01 [notice] 1#1: signal 29 (SIGIO) received
2022/01/17 14:23:01 [notice] 1#1: signal 17 (SIGCHLD) received from 32
2022/01/17 14:23:01 [notice] 1#1: worker process 32 exited with code 0
2022/01/17 14:23:01 [notice] 1#1: signal 29 (SIGIO) received
2022/01/17 14:23:02 [notice] 1#1: signal 17 (SIGCHLD) received from 31
2022/01/17 14:23:02 [notice] 1#1: worker process 31 exited with code 0
2022/01/17 14:23:02 [notice] 1#1: signal 29 (SIGIO) received
2022/01/17 14:23:02 [notice] 1#1: signal 17 (SIGCHLD) received from 34
2022/01/17 14:23:02 [notice] 1#1: worker process 34 exited with code 0
2022/01/17 14:23:02 [notice] 1#1: exit
2022/01/17 14:23:18 [warn] 1#1: conflicting server name "localhost" on 0.0.0.0:80, ignored
2022/01/17 14:23:18 [notice] 1#1: using the "epoll" event method
2022/01/17 14:23:18 [notice] 1#1: nginx/1.21.5
2022/01/17 14:23:18 [notice] 1#1: built by gcc 10.2.1 20210110 (Debian 10.2.1-6) 
2022/01/17 14:23:18 [notice] 1#1: OS: Linux 5.4.0-94-generic
2022/01/17 14:23:18 [notice] 1#1: getrlimit(RLIMIT_NOFILE): 1048576:1048576
2022/01/17 14:23:18 [notice] 1#1: start worker processes
2022/01/17 14:23:18 [notice] 1#1: start worker process 30
2022/01/17 14:23:18 [notice] 1#1: start worker process 31
2022/01/17 14:23:18 [notice] 1#1: start worker process 32
2022/01/17 14:23:18 [notice] 1#1: start worker process 33
2022/01/17 14:23:18 [notice] 1#1: start worker process 34
2022/01/17 14:23:18 [notice] 1#1: start worker process 35
2022/01/17 14:23:18 [notice] 1#1: start worker process 36
2022/01/17 14:23:18 [notice] 1#1: start worker process 37
